\BOOKMARK [0][-]{chapter.1}{\376\377\000M\000a\000i\000n\000\040\000P\000a\000g\000e}{}% 1
\BOOKMARK [1][-]{section.1.1}{\376\377\000I\000n\000t\000r\000o\000d\000u\000c\000t\000i\000o\000n}{chapter.1}% 2
\BOOKMARK [0][-]{chapter.2}{\376\377\000D\000a\000t\000a\000\040\000S\000t\000r\000u\000c\000t\000u\000r\000e\000\040\000I\000n\000d\000e\000x}{}% 3
\BOOKMARK [1][-]{section.2.1}{\376\377\000C\000l\000a\000s\000s\000\040\000H\000i\000e\000r\000a\000r\000c\000h\000y}{chapter.2}% 4
\BOOKMARK [0][-]{chapter.3}{\376\377\000D\000a\000t\000a\000\040\000S\000t\000r\000u\000c\000t\000u\000r\000e\000\040\000I\000n\000d\000e\000x}{}% 5
\BOOKMARK [1][-]{section.3.1}{\376\377\000D\000a\000t\000a\000\040\000S\000t\000r\000u\000c\000t\000u\000r\000e\000s}{chapter.3}% 6
\BOOKMARK [0][-]{chapter.4}{\376\377\000D\000a\000t\000a\000\040\000S\000t\000r\000u\000c\000t\000u\000r\000e\000\040\000D\000o\000c\000u\000m\000e\000n\000t\000a\000t\000i\000o\000n}{}% 7
\BOOKMARK [1][-]{section.4.1}{\376\377\000W\000i\000n\000d\000S\000e\000n\000s\000e\000:\000:\000G\000P\000G\000L\000L\000\040\000S\000t\000r\000u\000c\000t\000\040\000R\000e\000f\000e\000r\000e\000n\000c\000e}{chapter.4}% 8
\BOOKMARK [2][-]{subsection.4.1.1}{\376\377\000D\000e\000t\000a\000i\000l\000e\000d\000\040\000D\000e\000s\000c\000r\000i\000p\000t\000i\000o\000n}{section.4.1}% 9
\BOOKMARK [1][-]{section.4.2}{\376\377\000W\000i\000n\000d\000S\000e\000n\000s\000e\000:\000:\000G\000P\000V\000T\000G\000\040\000S\000t\000r\000u\000c\000t\000\040\000R\000e\000f\000e\000r\000e\000n\000c\000e}{chapter.4}% 10
\BOOKMARK [2][-]{subsection.4.2.1}{\376\377\000D\000e\000t\000a\000i\000l\000e\000d\000\040\000D\000e\000s\000c\000r\000i\000p\000t\000i\000o\000n}{section.4.2}% 11
\BOOKMARK [1][-]{section.4.3}{\376\377\000H\000a\000r\000d\000w\000a\000r\000e\000S\000e\000r\000i\000a\000l\000\040\000C\000l\000a\000s\000s\000\040\000R\000e\000f\000e\000r\000e\000n\000c\000e}{chapter.4}% 12
\BOOKMARK [2][-]{subsection.4.3.1}{\376\377\000D\000e\000t\000a\000i\000l\000e\000d\000\040\000D\000e\000s\000c\000r\000i\000p\000t\000i\000o\000n}{section.4.3}% 13
\BOOKMARK [1][-]{section.4.4}{\376\377\000P\000r\000i\000n\000t\000\040\000C\000l\000a\000s\000s\000\040\000R\000e\000f\000e\000r\000e\000n\000c\000e}{chapter.4}% 14
\BOOKMARK [2][-]{subsection.4.4.1}{\376\377\000D\000e\000t\000a\000i\000l\000e\000d\000\040\000D\000e\000s\000c\000r\000i\000p\000t\000i\000o\000n}{section.4.4}% 15
\BOOKMARK [1][-]{section.4.5}{\376\377\000S\000t\000r\000e\000a\000m\000\040\000C\000l\000a\000s\000s\000\040\000R\000e\000f\000e\000r\000e\000n\000c\000e}{chapter.4}% 16
\BOOKMARK [2][-]{subsection.4.5.1}{\376\377\000D\000e\000t\000a\000i\000l\000e\000d\000\040\000D\000e\000s\000c\000r\000i\000p\000t\000i\000o\000n}{section.4.5}% 17
\BOOKMARK [1][-]{section.4.6}{\376\377\000S\000t\000r\000i\000n\000g\000\040\000C\000l\000a\000s\000s\000\040\000R\000e\000f\000e\000r\000e\000n\000c\000e}{chapter.4}% 18
\BOOKMARK [2][-]{subsection.4.6.1}{\376\377\000D\000e\000t\000a\000i\000l\000e\000d\000\040\000D\000e\000s\000c\000r\000i\000p\000t\000i\000o\000n}{section.4.6}% 19
\BOOKMARK [1][-]{section.4.7}{\376\377\000W\000i\000n\000d\000S\000e\000n\000s\000e\000:\000:\000W\000I\000M\000W\000V\000\040\000S\000t\000r\000u\000c\000t\000\040\000R\000e\000f\000e\000r\000e\000n\000c\000e}{chapter.4}% 20
\BOOKMARK [2][-]{subsection.4.7.1}{\376\377\000D\000e\000t\000a\000i\000l\000e\000d\000\040\000D\000e\000s\000c\000r\000i\000p\000t\000i\000o\000n}{section.4.7}% 21
\BOOKMARK [1][-]{section.4.8}{\376\377\000W\000i\000n\000d\000S\000e\000n\000s\000e\000\040\000C\000l\000a\000s\000s\000\040\000R\000e\000f\000e\000r\000e\000n\000c\000e}{chapter.4}% 22
\BOOKMARK [2][-]{subsection.4.8.1}{\376\377\000D\000e\000t\000a\000i\000l\000e\000d\000\040\000D\000e\000s\000c\000r\000i\000p\000t\000i\000o\000n}{section.4.8}% 23
\BOOKMARK [2][-]{subsection.4.8.2}{\376\377\000C\000o\000n\000s\000t\000r\000u\000c\000t\000o\000r\000\040\000\046\000\040\000D\000e\000s\000t\000r\000u\000c\000t\000o\000r\000\040\000D\000o\000c\000u\000m\000e\000n\000t\000a\000t\000i\000o\000n}{section.4.8}% 24
\BOOKMARK [3][-]{subsubsection.4.8.2.1}{\376\377\000W\000i\000n\000d\000S\000e\000n\000s\000e}{subsection.4.8.2}% 25
\BOOKMARK [2][-]{subsection.4.8.3}{\376\377\000M\000e\000m\000b\000e\000r\000\040\000F\000u\000n\000c\000t\000i\000o\000n\000\040\000D\000o\000c\000u\000m\000e\000n\000t\000a\000t\000i\000o\000n}{section.4.8}% 26
\BOOKMARK [3][-]{subsubsection.4.8.3.1}{\376\377\000d\000e\000b\000u\000g}{subsection.4.8.3}% 27
\BOOKMARK [3][-]{subsubsection.4.8.3.2}{\376\377\000d\000e\000b\000u\000g\000D\000u\000m\000p}{subsection.4.8.3}% 28
\BOOKMARK [3][-]{subsubsection.4.8.3.3}{\376\377\000g\000r\000a\000b\000C\000h\000a\000r}{subsection.4.8.3}% 29
\BOOKMARK [3][-]{subsubsection.4.8.3.4}{\376\377\000p\000a\000r\000s\000e\000I\000n\000t\000e\000r\000n\000a\000l\000N\000M\000E\000A}{subsection.4.8.3}% 30
\BOOKMARK [3][-]{subsubsection.4.8.3.5}{\376\377\000s\000p\000l\000i\000t\000N\000M\000E\000A}{subsection.4.8.3}% 31
\BOOKMARK [3][-]{subsubsection.4.8.3.6}{\376\377\000u\000p\000d\000a\000t\000e\000G\000P\000S\000\137\000G\000P\000G\000L\000L}{subsection.4.8.3}% 32
\BOOKMARK [3][-]{subsubsection.4.8.3.7}{\376\377\000u\000p\000d\000a\000t\000e\000S\000P\000E\000E\000D\000\137\000G\000P\000V\000T\000G}{subsection.4.8.3}% 33
\BOOKMARK [3][-]{subsubsection.4.8.3.8}{\376\377\000u\000p\000d\000a\000t\000e\000W\000I\000N\000D\000\137\000W\000I\000M\000W\000V}{subsection.4.8.3}% 34
\BOOKMARK [3][-]{subsubsection.4.8.3.9}{\376\377\000v\000a\000l\000i\000d\000a\000t\000e\000N\000M\000E\000A}{subsection.4.8.3}% 35
